<?xml version='1.0'?>
<ns2:test-suite xmlns:ns2='urn:model.allure.qatools.yandex.ru' start='1666833579983' stop='1666833590728'>
    <name>Scheduler</name>
    <title>Scheduler</title>
    <test-cases>
        <test-case start='1666833579984' status='broken' stop='1666833590718'>
            <name>"before all" hook for Scheduler</name>
            <title>"before all" hook for Scheduler</title>
            <labels>
                <label name='language' value='javascript'/>
                <label name='framework' value='wdio'/>
                <label name='thread' value='0-0'/>
            </labels>
            <parameters>
                <parameter kind='argument' name='browser' value='chrome-107.0.5304.63'/>
            </parameters>
            <steps/>
            <attachments/>
            <failure>
                <message>Can't call setValue on element with selector "//*[@id="username-:0-text"]" because element wasn't found</message>
                <stack-trace>Error: Can't call setValue on element with selector "//*[@id="username-:0-text"]" because element wasn't found
                    at implicitWait (C:\Users\Tran Minh Thu\Documents\Thư - Garoon\topic6\webdriver\webdriver\node_modules\webdriverio\build\utils\implicitWait.js:34:19)
                    at async Element.elementErrorHandlerCallbackFn (C:\Users\Tran Minh Thu\Documents\Thư - Garoon\topic6\webdriver\webdriver\node_modules\webdriverio\build\middlewares.js:20:29)
                    at async Element.wrapCommandFn (C:\Users\Tran Minh Thu\Documents\Thư - Garoon\topic6\webdriver\webdriver\node_modules\@wdio\utils\build\shim.js:137:29)
                    at async LoginPage.login (C:\Users\Tran Minh Thu\Documents\Thư - Garoon\topic6\webdriver\webdriver\test\pageobjects\login.page.js:9:9)
                    at async Context.&lt;anonymous> (C:\Users\Tran Minh Thu\Documents\Thư - Garoon\topic6\webdriver\webdriver\test\specs\example.e2e.js:14:9)</stack-trace>
            </failure>
        </test-case>
        <test-case start='1666833590718' status='broken' stop='1666833590727'>
            <name>"after all" hook for Scheduler</name>
            <title>"after all" hook for Scheduler</title>
            <labels>
                <label name='language' value='javascript'/>
                <label name='framework' value='wdio'/>
                <label name='thread' value='0-0'/>
            </labels>
            <parameters>
                <parameter kind='argument' name='browser' value='chrome-107.0.5304.63'/>
            </parameters>
            <steps/>
            <attachments/>
            <failure>
                <message>no such window: target window already closed
                from unknown error: web view not found
                  (Session info: chrome=107.0.5304.63)</message>
                <stack-trace>no such window: no such window: target window already closed
                from unknown error: web view not found
                  (Session info: chrome=107.0.5304.63)
                    at getErrorFromResponseBody (C:\Users\Tran Minh Thu\Documents\Thư - Garoon\topic6\webdriver\webdriver\node_modules\webdriver\build\utils.js:198:12)
                    at NodeJSRequest._request (C:\Users\Tran Minh Thu\Documents\Thư - Garoon\topic6\webdriver\webdriver\node_modules\webdriver\build\request\index.js:166:60)
                    at processTicksAndRejections (node:internal/process/task_queues:96:5)
                    at async Browser.wrapCommandFn (C:\Users\Tran Minh Thu\Documents\Thư - Garoon\topic6\webdriver\webdriver\node_modules\@wdio\utils\build\shim.js:137:29)
                    at async Browser.$ (C:\Users\Tran Minh Thu\Documents\Thư - Garoon\topic6\webdriver\webdriver\node_modules\webdriverio\build\commands\browser\$.js:91:17)
                    at async Browser.wrapCommandFn (C:\Users\Tran Minh Thu\Documents\Thư - Garoon\topic6\webdriver\webdriver\node_modules\@wdio\utils\build\shim.js:137:29)
                    at async PortalPage.accessScheduler (C:\Users\Tran Minh Thu\Documents\Thư - Garoon\topic6\webdriver\webdriver\test\pageobjects\portal.page.js:8:9)
                    at async Context.&lt;anonymous> (C:\Users\Tran Minh Thu\Documents\Thư - Garoon\topic6\webdriver\webdriver\test\specs\example.e2e.js:31:9)</stack-trace>
            </failure>
        </test-case>
    </test-cases>
</ns2:test-suite>